+ umask 022
+ cd /home/owen0963/THE-MULTIVERSE/build/_CPack_Packages/Linux/RPM/BUILD
+ mv /home/owen0963/THE-MULTIVERSE/build/_CPack_Packages/Linux/RPM/TheMultiverse-1.3.0 /home/owen0963/THE-MULTIVERSE/build/_CPack_Packages/Linux/RPM/tmpBBroot
+ RPM_EC=0
+ jobs -p
+ exit 0
+ umask 022
+ cd /home/owen0963/THE-MULTIVERSE/build/_CPack_Packages/Linux/RPM/BUILD
+ /bin/rm -rf /home/owen0963/THE-MULTIVERSE/build/_CPack_Packages/Linux/RPM/TheMultiverse-1.3.0
+ /bin/mkdir -p /home/owen0963/THE-MULTIVERSE/build/_CPack_Packages/Linux/RPM
+ /bin/mkdir /home/owen0963/THE-MULTIVERSE/build/_CPack_Packages/Linux/RPM/TheMultiverse-1.3.0
+ [ -e /home/owen0963/THE-MULTIVERSE/build/_CPack_Packages/Linux/RPM/TheMultiverse-1.3.0 ]
+ rm -rf /home/owen0963/THE-MULTIVERSE/build/_CPack_Packages/Linux/RPM/TheMultiverse-1.3.0
+ mv /home/owen0963/THE-MULTIVERSE/build/_CPack_Packages/Linux/RPM/tmpBBroot /home/owen0963/THE-MULTIVERSE/build/_CPack_Packages/Linux/RPM/TheMultiverse-1.3.0
+ /usr/lib/rpm/brp-compress /usr
+ /usr/lib/rpm/brp-elfperms
+ /usr/lib/rpm/brp-strip /usr/bin/strip
+ /usr/lib/rpm/brp-strip-static-archive /usr/bin/strip
+ /usr/lib/rpm/brp-strip-comment-note /usr/bin/strip /usr/bin/objdump
+ /usr/lib/rpm/brp-remove-la-files
+ umask 022
+ cd /home/owen0963/THE-MULTIVERSE/build/_CPack_Packages/Linux/RPM/BUILD
+ RPM_EC=0
+ jobs -p
+ exit 0
+ umask 022
+ cd /home/owen0963/THE-MULTIVERSE/build/_CPack_Packages/Linux/RPM/BUILD
+ RPM_EC=0
+ jobs -p
+ exit 0
